.................................................+.........
...........................................................
...........................................................
...........................................................
...........................................................
...........................................................
.................................................o.........
................................................ooo........
...............................................ooooo.......
..............................................ooooooo......
.............................................ooooooooo.....
............................................ooooooooooo....
...........................................ooooooooooooo...
..........................................ooooooooooooooo..
.........................................#oooooooooooooooo#
.........................................##################
...........................................................
...........................................................
...........................................................
...........................................................
...........................................................
...........................................................
........................................o..................
.......................................ooo.................
......................................oooo#................
.....................................ooooo#................
....................................#o#ooo#................
....................................#o#o#o#................
....................................#######................
...................................o.......................
..................................ooo......................
.................................#ooo#.....................
................................o#ooo#.....................
...............................o##ooo#########.............
..............................oo#ooooo.......#.............
.............................ooo#oooooo......#.............
............................oooo#ooooooo.....#.............
...........................ooooo##############.............
..........................ooooooo..........................
.........................ooooooooo.........................
........................oooo######o........................
.......................oooooo....ooo.......................
......................ooo######.######.....................
.....................ooooo.................................
....................oo######.######.######.................
...................oooo....................................
..................o######.######.######.######.............
.................ooo.......................................
................######.######.######.######.######.........
...........................................................
..............oo...........................................
.............o#o#..........................................
............oo#o#..........................................
........#######o##.........................................
........#.....ooo#.........................................
........#....oooo#.........................................
........#...ooooo#.........................................
........#..oooooo#.........................................
........#.ooooooo#.........................................
........#oooooooo#.........................................
........##########.........................................
...........................................................
...........................................................
.................oo........................................
................oooo.......................................
...............oooooo......................................
.............#########.....................................
...........................................................
.....................oo....................................
...............#...#oooo...................................
...............#...#o#ooo..................................
...............#...#o#oooo.................................
.............#.#.#.#o#o#o#o................................
.............#.#.#.#o#o#o#oo...............................
.............#.#.#.#o#o#o#ooo..............................
.............#.#.#.#o#o#o#o#o#.............................
.............#.#.#.#o#o#o#o#o#.............................
.............#.#.#.#o#o#o#o#o#.............................
.............#.#.#.#o#o#o#o#o#.............................
.............#################.............................
.............................oo............................
............................oooo...........................
...........................######..........................
.................................o.........................
................................ooo........................
........................######.######......................
..............................o............................
.............................ooo...........................
.....................######.######.######..................
...........................o...............................
..........................ooo..............................
.........................#oooo#............................
........................o#oooo#............................
.......................oo#oooo#............................
......................####oooo#######......................
......................#..oooooo.....#......................
......................#.oooooooo....#......................
......................#oooooooooo...#......................
......................###############......................
....................oo.....................................
...................oooo....................................
..................######...................................
........................o..................................
.......................ooo.................................
...............######.######...............................
.....................o.....................................
....................ooo....................................
............######.######.######...........................
..................o........................................
.................ooo.......................................
.........######.######.######.######.......................
...............o...........................................
..............ooo..........................................
......######.######.######.######.######...................
............o..............................................
...........ooo.............................................
..........#oooo..#.........................................
..........########.........................................
........oo.................................................
.......oooo................................................
..#...oooooo...............................................
..#..oooooooo..............................................
#.#.oooo#ooooo.............................................
#.#ooooo#oooooo............................................
#.#ooooo#ooo#ooo...........................................
#.#o#o#o#ooo#oooo..........................................
#.#o#o#o#o#o#ooooo.........................................
#.#o#o#o#o#o#ooo#oo........................................
#.#o#o#o#o#o#ooo#ooo.......................................
#.#o#o#o#o#o#o#o#oooo......................................
#################ooooo.....................................
................ooooooo....................................
...............ooooooooo...................................
..............#ooooo#oooo..................................
..............#ooooo#ooooo.................................
.........######ooooo##ooooo................................
.........#....ooooooo#oooooo...............................
.........#...oooooooo#ooooooo..............................
.........#############oooooooo.............................
.....................oooooooooo............................
....................oooooooooooo...........................
...................o#####oooooooo..........................
..................ooo...oooooooooo.........................
.................#####.#####ooooooo........................
...........................ooooooooo.......................
..............#####.#####.#####oooooo......................
..............................oooooooo.....................
...........#####.#####.#####.#####ooooo....................
.................................ooooooo...................
.........................#......ooooooooo..................
.........................#################.................
...........................................................
...........................................................
.........................................#o................
...................................#.....#oo...............
...................................#.....#ooo..............
...................................#.....#oooo.............
...................................#.....#ooooo............
...................................#.....#oooooo...........
...................................#...#.#ooo#ooo..........
...................................#...#.#ooo#ooo#.........
...................................#...#.#ooo#o#o#.........
.................................#.#.#.#.#o#o#o#o#.........
.................................#################~........
